<?xml version="1.0" encoding="UTF-8"?>
<testsuite name="tests.SearchCarTest" tests="1" skipped="0" failures="0" errors="0" timestamp="2021-12-20T19:09:08" hostname="DESKTOP-LINCIVQ" time="14.92">
  <properties/>
  <testcase name="searchCarTest" classname="tests.SearchCarTest" time="14.92"/>
  <system-out><![CDATA[12
]]></system-out>
  <system-err><![CDATA[]]></system-err>
</testsuite>
